android/app/build/intermediates/manifest_merge_blame_file/debug/processDebugMainManifest/manifest-merger-blame-debug-report.txt
1<?xml version="1.0" encoding="utf-8"?>
2<manifest xmlns:android="http://schemas.android.com/apk/res/android"
3    package="hu.kaloriakompasz"
4    android:versionCode="1"
5    android:versionName="1.0" >
6
7    <uses-sdk
8        android:minSdkVersion="29"
9        android:targetSdkVersion="36" />
10
11    <queries>
11-->src\main\AndroidManifest.xml:3:5-6:15
12        <package android:name="com.google.android.apps.healthdata" />
12-->src\main\AndroidManifest.xml:4:9-70
12-->src\main\AndroidManifest.xml:4:18-67
13        <package android:name="com.sec.android.app.shealth" />
13-->src\main\AndroidManifest.xml:5:9-63
13-->src\main\AndroidManifest.xml:5:18-60
14
15        <intent>
15-->[net.openid:appauth:0.9.1] AndroidManifest.xml:25:9-31:18
16            <action android:name="android.intent.action.VIEW" />
16-->src\main\AndroidManifest.xml:32:17-69
16-->src\main\AndroidManifest.xml:32:25-66
17
18            <category android:name="android.intent.category.BROWSABLE" />
18-->src\main\AndroidManifest.xml:34:17-78
18-->src\main\AndroidManifest.xml:34:27-75
19
20            <data android:scheme="https" />
20-->src\main\AndroidManifest.xml:35:17-81
20-->src\main\AndroidManifest.xml:35:23-57
21        </intent>
22
23        <package android:name="com.facebook.katana" />
23-->[com.facebook.android:facebook-common:18.1.3] AndroidManifest.xml:16:9-55
23-->[com.facebook.android:facebook-common:18.1.3] AndroidManifest.xml:16:18-52
24        <package android:name="com.samsung.android.wear.shealth" />
24-->[:samsung-health-data-api-1.0.0:] AndroidManifest.xml:9:9-68
24-->[:samsung-health-data-api-1.0.0:] AndroidManifest.xml:9:18-65
25    </queries>
26
27    <uses-permission android:name="android.permission.INTERNET" />
27-->src\main\AndroidManifest.xml:8:5-67
27-->src\main\AndroidManifest.xml:8:22-64
28    <uses-permission android:name="android.permission.health.READ_STEPS" />
28-->src\main\AndroidManifest.xml:9:5-76
28-->src\main\AndroidManifest.xml:9:22-73
29    <uses-permission android:name="android.permission.health.READ_ACTIVE_CALORIES_BURNED" />
29-->src\main\AndroidManifest.xml:10:5-93
29-->src\main\AndroidManifest.xml:10:22-90
30    <uses-permission android:name="android.permission.USE_CREDENTIALS" />
30-->[:capgo-capacitor-social-login] AndroidManifest.xml:8:5-74
30-->[:capgo-capacitor-social-login] AndroidManifest.xml:8:22-71
31    <uses-permission android:name="android.permission.USE_BIOMETRIC" /> <!-- suppress DeprecatedClassUsageInspection -->
31-->[androidx.biometric:biometric:1.1.0] AndroidManifest.xml:24:5-72
31-->[androidx.biometric:biometric:1.1.0] AndroidManifest.xml:24:22-69
32    <uses-permission android:name="android.permission.USE_FINGERPRINT" />
32-->[androidx.biometric:biometric:1.1.0] AndroidManifest.xml:27:5-74
32-->[androidx.biometric:biometric:1.1.0] AndroidManifest.xml:27:22-71
33    <uses-permission android:name="com.google.android.gms.permission.AD_ID" /> <!-- Support for Google Privacy Sandbox adservices API -->
33-->[com.facebook.android:facebook-core:18.1.3] AndroidManifest.xml:14:5-79
33-->[com.facebook.android:facebook-core:18.1.3] AndroidManifest.xml:14:22-76
34    <uses-permission android:name="android.permission.ACCESS_ADSERVICES_ATTRIBUTION" />
34-->[com.facebook.android:facebook-core:18.1.3] AndroidManifest.xml:16:5-88
34-->[com.facebook.android:facebook-core:18.1.3] AndroidManifest.xml:16:22-85
35    <uses-permission android:name="android.permission.ACCESS_ADSERVICES_AD_ID" />
35-->[com.facebook.android:facebook-core:18.1.3] AndroidManifest.xml:17:5-82
35-->[com.facebook.android:facebook-core:18.1.3] AndroidManifest.xml:17:22-79
36    <uses-permission android:name="android.permission.ACCESS_ADSERVICES_CUSTOM_AUDIENCE" />
36-->[com.facebook.android:facebook-core:18.1.3] AndroidManifest.xml:18:5-92
36-->[com.facebook.android:facebook-core:18.1.3] AndroidManifest.xml:18:22-89
37    <uses-permission android:name="android.permission.ACCESS_ADSERVICES_TOPICS" />
37-->[com.facebook.android:facebook-core:18.1.3] AndroidManifest.xml:19:5-83
37-->[com.facebook.android:facebook-core:18.1.3] AndroidManifest.xml:19:22-80
38
39    <permission
39-->[androidx.core:core:1.17.0] AndroidManifest.xml:22:5-24:47
40        android:name="hu.kaloriakompasz.DYNAMIC_RECEIVER_NOT_EXPORTED_PERMISSION"
40-->[androidx.core:core:1.17.0] AndroidManifest.xml:23:9-81
41        android:protectionLevel="signature" />
41-->[androidx.core:core:1.17.0] AndroidManifest.xml:24:9-44
42
43    <uses-permission android:name="hu.kaloriakompasz.DYNAMIC_RECEIVER_NOT_EXPORTED_PERMISSION" />
43-->[androidx.core:core:1.17.0] AndroidManifest.xml:26:5-97
43-->[androidx.core:core:1.17.0] AndroidManifest.xml:26:22-94
44    <uses-permission android:name="com.google.android.finsky.permission.BIND_GET_INSTALL_REFERRER_SERVICE" />
44-->[com.android.installreferrer:installreferrer:1.0] AndroidManifest.xml:9:5-110
44-->[com.android.installreferrer:installreferrer:1.0] AndroidManifest.xml:9:22-107
45
46    <application
46-->src\main\AndroidManifest.xml:12:5-70:19
47        android:allowBackup="true"
47-->src\main\AndroidManifest.xml:13:9-35
48        android:appComponentFactory="androidx.core.app.CoreComponentFactory"
48-->[androidx.core:core:1.17.0] AndroidManifest.xml:28:18-86
49        android:debuggable="true"
50        android:extractNativeLibs="false"
51        android:icon="@mipmap/ic_launcher"
51-->src\main\AndroidManifest.xml:14:9-43
52        android:label="@string/app_name"
52-->src\main\AndroidManifest.xml:15:9-41
53        android:roundIcon="@mipmap/ic_launcher_round"
53-->src\main\AndroidManifest.xml:16:9-54
54        android:supportsRtl="true"
54-->src\main\AndroidManifest.xml:17:9-35
55        android:testOnly="true"
56        android:theme="@style/AppTheme"
56-->src\main\AndroidManifest.xml:18:9-40
57        android:usesCleartextTraffic="true" >
57-->[:capacitor-cordova-android-plugins] AndroidManifest.xml:8:18-53
58        <activity
58-->src\main\AndroidManifest.xml:19:9-41:20
59            android:name="hu.kaloriakompasz.MainActivity"
59-->src\main\AndroidManifest.xml:20:13-41
60            android:configChanges="orientation|keyboardHidden|keyboard|screenSize|locale|smallestScreenSize|screenLayout|uiMode|navigation|density"
60-->src\main\AndroidManifest.xml:21:13-148
61            android:exported="true"
61-->src\main\AndroidManifest.xml:25:13-36
62            android:label="@string/title_activity_main"
62-->src\main\AndroidManifest.xml:22:13-56
63            android:launchMode="singleTask"
63-->src\main\AndroidManifest.xml:24:13-44
64            android:theme="@style/AppTheme.NoActionBarLaunch" >
64-->src\main\AndroidManifest.xml:23:13-62
65            <intent-filter>
65-->src\main\AndroidManifest.xml:26:13-29:29
66                <action android:name="android.intent.action.MAIN" />
66-->src\main\AndroidManifest.xml:27:17-69
66-->src\main\AndroidManifest.xml:27:25-66
67
68                <category android:name="android.intent.category.LAUNCHER" />
68-->src\main\AndroidManifest.xml:28:17-77
68-->src\main\AndroidManifest.xml:28:27-74
69            </intent-filter>
70            <intent-filter>
70-->src\main\AndroidManifest.xml:31:13-36:29
71                <action android:name="android.intent.action.VIEW" />
71-->src\main\AndroidManifest.xml:32:17-69
71-->src\main\AndroidManifest.xml:32:25-66
72
73                <category android:name="android.intent.category.DEFAULT" />
73-->src\main\AndroidManifest.xml:33:17-76
73-->src\main\AndroidManifest.xml:33:27-73
74                <category android:name="android.intent.category.BROWSABLE" />
74-->src\main\AndroidManifest.xml:34:17-78
74-->src\main\AndroidManifest.xml:34:27-75
75
76                <data
76-->src\main\AndroidManifest.xml:35:17-81
77                    android:host="oauth"
77-->src\main\AndroidManifest.xml:35:58-78
78                    android:scheme="hu.kaloriakompasz" />
78-->src\main\AndroidManifest.xml:35:23-57
79            </intent-filter>
80            <intent-filter>
80-->src\main\AndroidManifest.xml:38:13-40:29
81                <action android:name="androidx.health.connect.action.SHOW_PERMISSIONS_RATIONALE" />
81-->src\main\AndroidManifest.xml:39:17-100
81-->src\main\AndroidManifest.xml:39:25-97
82            </intent-filter>
83        </activity>
84
85        <activity-alias
85-->src\main\AndroidManifest.xml:43:9-52:26
86            android:name="hu.kaloriakompasz.ViewPermissionUsageActivity"
86-->src\main\AndroidManifest.xml:44:13-55
87            android:exported="true"
87-->src\main\AndroidManifest.xml:45:13-36
88            android:permission="android.permission.START_VIEW_PERMISSION_USAGE"
88-->src\main\AndroidManifest.xml:47:13-80
89            android:targetActivity="hu.kaloriakompasz.MainActivity" >
89-->src\main\AndroidManifest.xml:46:13-51
90            <intent-filter>
90-->src\main\AndroidManifest.xml:48:13-51:29
91                <action android:name="android.intent.action.VIEW_PERMISSION_USAGE" />
91-->src\main\AndroidManifest.xml:49:17-86
91-->src\main\AndroidManifest.xml:49:25-83
92
93                <category android:name="android.intent.category.HEALTH_PERMISSIONS" />
93-->src\main\AndroidManifest.xml:50:17-87
93-->src\main\AndroidManifest.xml:50:27-84
94            </intent-filter>
95        </activity-alias>
96
97        <meta-data
97-->src\main\AndroidManifest.xml:54:9-57:11
98            android:name="androidx.health.connect.health_permissions_rationale_activity_name"
98-->src\main\AndroidManifest.xml:55:13-94
99            android:value=".MainActivity" />
99-->src\main\AndroidManifest.xml:56:13-42
100        <meta-data
100-->src\main\AndroidManifest.xml:59:9-61:69
101            android:name="com.google.android.gms.version"
101-->src\main\AndroidManifest.xml:60:13-58
102            android:value="@integer/google_play_services_version" />
102-->src\main\AndroidManifest.xml:61:13-66
103
104        <provider
105            android:name="androidx.core.content.FileProvider"
105-->src\main\AndroidManifest.xml:64:13-62
106            android:authorities="hu.kaloriakompasz.fileprovider"
106-->src\main\AndroidManifest.xml:65:13-64
107            android:exported="false"
107-->src\main\AndroidManifest.xml:66:13-37
108            android:grantUriPermissions="true" >
108-->src\main\AndroidManifest.xml:67:13-47
109            <meta-data
109-->src\main\AndroidManifest.xml:68:13-112
110                android:name="android.support.FILE_PROVIDER_PATHS"
110-->src\main\AndroidManifest.xml:68:24-74
111                android:resource="@xml/file_paths" />
111-->src\main\AndroidManifest.xml:68:75-109
112        </provider>
113
114        <activity
114-->[:capgo-capacitor-social-login] AndroidManifest.xml:18:9-21:84
115            android:name="ee.forgr.capacitor.social.login.TwitterLoginActivity"
115-->[:capgo-capacitor-social-login] AndroidManifest.xml:19:13-80
116            android:exported="false"
116-->[:capgo-capacitor-social-login] AndroidManifest.xml:20:13-37
117            android:theme="@android:style/Theme.DeviceDefault.Light.NoActionBar" />
117-->[:capgo-capacitor-social-login] AndroidManifest.xml:21:13-81
118        <activity
118-->[:capgo-capacitor-social-login] AndroidManifest.xml:22:9-25:84
119            android:name="ee.forgr.capacitor.social.login.OAuth2LoginActivity"
119-->[:capgo-capacitor-social-login] AndroidManifest.xml:23:13-79
120            android:exported="false"
120-->[:capgo-capacitor-social-login] AndroidManifest.xml:24:13-37
121            android:theme="@android:style/Theme.DeviceDefault.Light.NoActionBar" />
121-->[:capgo-capacitor-social-login] AndroidManifest.xml:25:13-81
122        <activity
122-->[net.openid:appauth:0.9.1] AndroidManifest.xml:35:9-39:77
123            android:name="net.openid.appauth.AuthorizationManagementActivity"
123-->[net.openid:appauth:0.9.1] AndroidManifest.xml:36:13-78
124            android:exported="false"
124-->[net.openid:appauth:0.9.1] AndroidManifest.xml:37:13-37
125            android:launchMode="singleTask"
125-->[net.openid:appauth:0.9.1] AndroidManifest.xml:38:13-44
126            android:theme="@style/Theme.AppCompat.Translucent.NoTitleBar" />
126-->[net.openid:appauth:0.9.1] AndroidManifest.xml:39:13-74
127        <activity
127-->[net.openid:appauth:0.9.1] AndroidManifest.xml:40:9-51:20
128            android:name="net.openid.appauth.RedirectUriReceiverActivity"
128-->[net.openid:appauth:0.9.1] AndroidManifest.xml:41:13-74
129            android:exported="true" >
129-->[net.openid:appauth:0.9.1] AndroidManifest.xml:42:13-36
130            <intent-filter>
130-->[net.openid:appauth:0.9.1] AndroidManifest.xml:43:13-50:29
131                <action android:name="android.intent.action.VIEW" />
131-->src\main\AndroidManifest.xml:32:17-69
131-->src\main\AndroidManifest.xml:32:25-66
132
133                <category android:name="android.intent.category.DEFAULT" />
133-->src\main\AndroidManifest.xml:33:17-76
133-->src\main\AndroidManifest.xml:33:27-73
134                <category android:name="android.intent.category.BROWSABLE" />
134-->src\main\AndroidManifest.xml:34:17-78
134-->src\main\AndroidManifest.xml:34:27-75
135
136                <data android:scheme="hu.kaloriakompasz" />
136-->src\main\AndroidManifest.xml:35:17-81
136-->src\main\AndroidManifest.xml:35:23-57
137            </intent-filter>
138        </activity>
139
140        <service
140-->[androidx.credentials:credentials-play-services-auth:1.5.0] AndroidManifest.xml:24:9-32:19
141            android:name="androidx.credentials.playservices.CredentialProviderMetadataHolder"
141-->[androidx.credentials:credentials-play-services-auth:1.5.0] AndroidManifest.xml:25:13-94
142            android:enabled="true"
142-->[androidx.credentials:credentials-play-services-auth:1.5.0] AndroidManifest.xml:26:13-35
143            android:exported="false" >
143-->[androidx.credentials:credentials-play-services-auth:1.5.0] AndroidManifest.xml:27:13-37
144            <meta-data
144-->[androidx.credentials:credentials-play-services-auth:1.5.0] AndroidManifest.xml:29:13-31:104
145                android:name="androidx.credentials.CREDENTIAL_PROVIDER_KEY"
145-->[androidx.credentials:credentials-play-services-auth:1.5.0] AndroidManifest.xml:30:17-76
146                android:value="androidx.credentials.playservices.CredentialProviderPlayServicesImpl" />
146-->[androidx.credentials:credentials-play-services-auth:1.5.0] AndroidManifest.xml:31:17-101
147        </service>
148
149        <activity
149-->[androidx.credentials:credentials-play-services-auth:1.5.0] AndroidManifest.xml:34:9-41:20
150            android:name="androidx.credentials.playservices.HiddenActivity"
150-->[androidx.credentials:credentials-play-services-auth:1.5.0] AndroidManifest.xml:35:13-76
151            android:configChanges="orientation|screenSize|screenLayout|keyboardHidden"
151-->[androidx.credentials:credentials-play-services-auth:1.5.0] AndroidManifest.xml:36:13-87
152            android:enabled="true"
152-->[androidx.credentials:credentials-play-services-auth:1.5.0] AndroidManifest.xml:37:13-35
153            android:exported="false"
153-->[androidx.credentials:credentials-play-services-auth:1.5.0] AndroidManifest.xml:38:13-37
154            android:fitsSystemWindows="true"
154-->[androidx.credentials:credentials-play-services-auth:1.5.0] AndroidManifest.xml:39:13-45
155            android:theme="@style/Theme.Hidden" >
155-->[androidx.credentials:credentials-play-services-auth:1.5.0] AndroidManifest.xml:40:13-48
156        </activity>
157        <activity
157-->[androidx.credentials:credentials-play-services-auth:1.5.0] AndroidManifest.xml:42:9-49:20
158            android:name="androidx.credentials.playservices.IdentityCredentialApiHiddenActivity"
158-->[androidx.credentials:credentials-play-services-auth:1.5.0] AndroidManifest.xml:43:13-97
159            android:configChanges="orientation|screenSize|screenLayout|keyboardHidden"
159-->[androidx.credentials:credentials-play-services-auth:1.5.0] AndroidManifest.xml:44:13-87
160            android:enabled="true"
160-->[androidx.credentials:credentials-play-services-auth:1.5.0] AndroidManifest.xml:45:13-35
161            android:exported="false"
161-->[androidx.credentials:credentials-play-services-auth:1.5.0] AndroidManifest.xml:46:13-37
162            android:fitsSystemWindows="true"
162-->[androidx.credentials:credentials-play-services-auth:1.5.0] AndroidManifest.xml:47:13-45
163            android:theme="@style/Theme.Hidden" >
163-->[androidx.credentials:credentials-play-services-auth:1.5.0] AndroidManifest.xml:48:13-48
164        </activity>
165        <activity
165-->[com.facebook.android:facebook-common:18.1.3] AndroidManifest.xml:20:9-23:66
166            android:name="com.facebook.FacebookActivity"
166-->[com.facebook.android:facebook-common:18.1.3] AndroidManifest.xml:21:13-57
167            android:configChanges="keyboard|keyboardHidden|screenLayout|screenSize|orientation"
167-->[com.facebook.android:facebook-common:18.1.3] AndroidManifest.xml:22:13-96
168            android:theme="@style/com_facebook_activity_theme" />
168-->[com.facebook.android:facebook-common:18.1.3] AndroidManifest.xml:23:13-63
169        <activity android:name="com.facebook.CustomTabMainActivity" />
169-->[com.facebook.android:facebook-common:18.1.3] AndroidManifest.xml:24:9-71
169-->[com.facebook.android:facebook-common:18.1.3] AndroidManifest.xml:24:19-68
170        <activity
170-->[com.facebook.android:facebook-common:18.1.3] AndroidManifest.xml:25:9-39:20
171            android:name="com.facebook.CustomTabActivity"
171-->[com.facebook.android:facebook-common:18.1.3] AndroidManifest.xml:26:13-58
172            android:exported="true" >
172-->[com.facebook.android:facebook-common:18.1.3] AndroidManifest.xml:27:13-36
173            <intent-filter>
173-->[com.facebook.android:facebook-common:18.1.3] AndroidManifest.xml:29:13-38:29
174                <action android:name="android.intent.action.VIEW" />
174-->src\main\AndroidManifest.xml:32:17-69
174-->src\main\AndroidManifest.xml:32:25-66
175
176                <category android:name="android.intent.category.DEFAULT" />
176-->src\main\AndroidManifest.xml:33:17-76
176-->src\main\AndroidManifest.xml:33:27-73
177                <category android:name="android.intent.category.BROWSABLE" />
177-->src\main\AndroidManifest.xml:34:17-78
177-->src\main\AndroidManifest.xml:34:27-75
178
179                <data
179-->src\main\AndroidManifest.xml:35:17-81
180                    android:host="cct.hu.kaloriakompasz"
180-->src\main\AndroidManifest.xml:35:58-78
181                    android:scheme="fbconnect" />
181-->src\main\AndroidManifest.xml:35:23-57
182            </intent-filter>
183        </activity>
184
185        <service
185-->[androidx.health.connect:connect-client:1.2.0-alpha02] AndroidManifest.xml:24:9-32:19
186            android:name="androidx.health.platform.client.impl.sdkservice.HealthDataSdkService"
186-->[androidx.health.connect:connect-client:1.2.0-alpha02] AndroidManifest.xml:25:13-96
187            android:enabled="true"
187-->[androidx.health.connect:connect-client:1.2.0-alpha02] AndroidManifest.xml:26:13-35
188            android:exported="true" >
188-->[androidx.health.connect:connect-client:1.2.0-alpha02] AndroidManifest.xml:27:13-36
189            <intent-filter>
189-->[androidx.health.connect:connect-client:1.2.0-alpha02] AndroidManifest.xml:29:13-31:29
190                <action android:name="androidx.health.platform.client.ACTION_BIND_SDK_SERVICE" />
190-->[androidx.health.connect:connect-client:1.2.0-alpha02] AndroidManifest.xml:30:17-98
190-->[androidx.health.connect:connect-client:1.2.0-alpha02] AndroidManifest.xml:30:25-95
191            </intent-filter>
192        </service>
193
194        <activity
194-->[com.google.android.gms:play-services-auth:21.4.0] AndroidManifest.xml:23:9-27:75
195            android:name="com.google.android.gms.auth.api.signin.internal.SignInHubActivity"
195-->[com.google.android.gms:play-services-auth:21.4.0] AndroidManifest.xml:24:13-93
196            android:excludeFromRecents="true"
196-->[com.google.android.gms:play-services-auth:21.4.0] AndroidManifest.xml:25:13-46
197            android:exported="false"
197-->[com.google.android.gms:play-services-auth:21.4.0] AndroidManifest.xml:26:13-37
198            android:theme="@android:style/Theme.Translucent.NoTitleBar" />
198-->[com.google.android.gms:play-services-auth:21.4.0] AndroidManifest.xml:27:13-72
199        <!--
200            Service handling Google Sign-In user revocation. For apps that do not integrate with
201            Google Sign-In, this service will never be started.
202        -->
203        <service
203-->[com.google.android.gms:play-services-auth:21.4.0] AndroidManifest.xml:33:9-37:51
204            android:name="com.google.android.gms.auth.api.signin.RevocationBoundService"
204-->[com.google.android.gms:play-services-auth:21.4.0] AndroidManifest.xml:34:13-89
205            android:exported="true"
205-->[com.google.android.gms:play-services-auth:21.4.0] AndroidManifest.xml:35:13-36
206            android:permission="com.google.android.gms.auth.api.signin.permission.REVOCATION_NOTIFICATION"
206-->[com.google.android.gms:play-services-auth:21.4.0] AndroidManifest.xml:36:13-107
207            android:visibleToInstantApps="true" />
207-->[com.google.android.gms:play-services-auth:21.4.0] AndroidManifest.xml:37:13-48
208
209        <activity
209-->[com.google.android.gms:play-services-base:18.5.0] AndroidManifest.xml:5:9-173
210            android:name="com.google.android.gms.common.api.GoogleApiActivity"
210-->[com.google.android.gms:play-services-base:18.5.0] AndroidManifest.xml:5:19-85
211            android:exported="false"
211-->[com.google.android.gms:play-services-base:18.5.0] AndroidManifest.xml:5:146-170
212            android:theme="@android:style/Theme.Translucent.NoTitleBar" />
212-->[com.google.android.gms:play-services-base:18.5.0] AndroidManifest.xml:5:86-145
213
214        <provider
214-->[androidx.emoji2:emoji2:1.3.0] AndroidManifest.xml:24:9-32:20
215            android:name="androidx.startup.InitializationProvider"
215-->[androidx.emoji2:emoji2:1.3.0] AndroidManifest.xml:25:13-67
216            android:authorities="hu.kaloriakompasz.androidx-startup"
216-->[androidx.emoji2:emoji2:1.3.0] AndroidManifest.xml:26:13-68
217            android:exported="false" >
217-->[androidx.emoji2:emoji2:1.3.0] AndroidManifest.xml:27:13-37
218            <meta-data
218-->[androidx.emoji2:emoji2:1.3.0] AndroidManifest.xml:29:13-31:52
219                android:name="androidx.emoji2.text.EmojiCompatInitializer"
219-->[androidx.emoji2:emoji2:1.3.0] AndroidManifest.xml:30:17-75
220                android:value="androidx.startup" />
220-->[androidx.emoji2:emoji2:1.3.0] AndroidManifest.xml:31:17-49
221            <meta-data
221-->[androidx.lifecycle:lifecycle-process:2.6.2] AndroidManifest.xml:29:13-31:52
222                android:name="androidx.lifecycle.ProcessLifecycleInitializer"
222-->[androidx.lifecycle:lifecycle-process:2.6.2] AndroidManifest.xml:30:17-78
223                android:value="androidx.startup" />
223-->[androidx.lifecycle:lifecycle-process:2.6.2] AndroidManifest.xml:31:17-49
224            <meta-data
224-->[androidx.profileinstaller:profileinstaller:1.4.0] AndroidManifest.xml:29:13-31:52
225                android:name="androidx.profileinstaller.ProfileInstallerInitializer"
225-->[androidx.profileinstaller:profileinstaller:1.4.0] AndroidManifest.xml:30:17-85
226                android:value="androidx.startup" />
226-->[androidx.profileinstaller:profileinstaller:1.4.0] AndroidManifest.xml:31:17-49
227        </provider>
228
229        <receiver
229-->[com.facebook.android:facebook-core:18.1.3] AndroidManifest.xml:37:9-43:20
230            android:name="com.facebook.CurrentAccessTokenExpirationBroadcastReceiver"
230-->[com.facebook.android:facebook-core:18.1.3] AndroidManifest.xml:38:13-86
231            android:exported="false" >
231-->[com.facebook.android:facebook-core:18.1.3] AndroidManifest.xml:39:13-37
232            <intent-filter>
232-->[com.facebook.android:facebook-core:18.1.3] AndroidManifest.xml:40:13-42:29
233                <action android:name="com.facebook.sdk.ACTION_CURRENT_ACCESS_TOKEN_CHANGED" />
233-->[com.facebook.android:facebook-core:18.1.3] AndroidManifest.xml:41:17-95
233-->[com.facebook.android:facebook-core:18.1.3] AndroidManifest.xml:41:25-92
234            </intent-filter>
235        </receiver>
236        <receiver
236-->[com.facebook.android:facebook-core:18.1.3] AndroidManifest.xml:44:9-50:20
237            android:name="com.facebook.AuthenticationTokenManager$CurrentAuthenticationTokenChangedBroadcastReceiver"
237-->[com.facebook.android:facebook-core:18.1.3] AndroidManifest.xml:45:13-118
238            android:exported="false" >
238-->[com.facebook.android:facebook-core:18.1.3] AndroidManifest.xml:46:13-37
239            <intent-filter>
239-->[com.facebook.android:facebook-core:18.1.3] AndroidManifest.xml:47:13-49:29
240                <action android:name="com.facebook.sdk.ACTION_CURRENT_AUTHENTICATION_TOKEN_CHANGED" />
240-->[com.facebook.android:facebook-core:18.1.3] AndroidManifest.xml:48:17-103
240-->[com.facebook.android:facebook-core:18.1.3] AndroidManifest.xml:48:25-100
241            </intent-filter>
242        </receiver>
243        <receiver
243-->[androidx.profileinstaller:profileinstaller:1.4.0] AndroidManifest.xml:34:9-52:20
244            android:name="androidx.profileinstaller.ProfileInstallReceiver"
244-->[androidx.profileinstaller:profileinstaller:1.4.0] AndroidManifest.xml:35:13-76
245            android:directBootAware="false"
245-->[androidx.profileinstaller:profileinstaller:1.4.0] AndroidManifest.xml:36:13-44
246            android:enabled="true"
246-->[androidx.profileinstaller:profileinstaller:1.4.0] AndroidManifest.xml:37:13-35
247            android:exported="true"
247-->[androidx.profileinstaller:profileinstaller:1.4.0] AndroidManifest.xml:38:13-36
248            android:permission="android.permission.DUMP" >
248-->[androidx.profileinstaller:profileinstaller:1.4.0] AndroidManifest.xml:39:13-57
249            <intent-filter>
249-->[androidx.profileinstaller:profileinstaller:1.4.0] AndroidManifest.xml:40:13-42:29
250                <action android:name="androidx.profileinstaller.action.INSTALL_PROFILE" />
250-->[androidx.profileinstaller:profileinstaller:1.4.0] AndroidManifest.xml:41:17-91
250-->[androidx.profileinstaller:profileinstaller:1.4.0] AndroidManifest.xml:41:25-88
251            </intent-filter>
252            <intent-filter>
252-->[androidx.profileinstaller:profileinstaller:1.4.0] AndroidManifest.xml:43:13-45:29
253                <action android:name="androidx.profileinstaller.action.SKIP_FILE" />
253-->[androidx.profileinstaller:profileinstaller:1.4.0] AndroidManifest.xml:44:17-85
253-->[androidx.profileinstaller:profileinstaller:1.4.0] AndroidManifest.xml:44:25-82
254            </intent-filter>
255            <intent-filter>
255-->[androidx.profileinstaller:profileinstaller:1.4.0] AndroidManifest.xml:46:13-48:29
256                <action android:name="androidx.profileinstaller.action.SAVE_PROFILE" />
256-->[androidx.profileinstaller:profileinstaller:1.4.0] AndroidManifest.xml:47:17-88
256-->[androidx.profileinstaller:profileinstaller:1.4.0] AndroidManifest.xml:47:25-85
257            </intent-filter>
258            <intent-filter>
258-->[androidx.profileinstaller:profileinstaller:1.4.0] AndroidManifest.xml:49:13-51:29
259                <action android:name="androidx.profileinstaller.action.BENCHMARK_OPERATION" />
259-->[androidx.profileinstaller:profileinstaller:1.4.0] AndroidManifest.xml:50:17-95
259-->[androidx.profileinstaller:profileinstaller:1.4.0] AndroidManifest.xml:50:25-92
260            </intent-filter>
261        </receiver>
262    </application>
263
264</manifest>